<?xml version="1.0" encoding="UTF-8"?>
<!-- Generated by org.testng.reporters.JUnitReportReporter -->
<testsuite hostname="CSC-J714DK3" failures="0" tests="1" name="pomTestApps.Test.com.automation.mitel.clearspan.opeasy.GUI_VPN_Permissions_8_RunVPNExport_Test" time="608.376" errors="0" timestamp="2024-10-30T14:07:46 IST" skipped="0">
  <testcase classname="pomTestApps.Test.com.automation.mitel.clearspan.opeasy.GUI_VPN_Permissions_8_RunVPNExport_Test" name="LoginManagement_EnterpriseLoginRules" time="608.376"/>
</testsuite> <!-- pomTestApps.Test.com.automation.mitel.clearspan.opeasy.GUI_VPN_Permissions_8_RunVPNExport_Test -->
