<?xml version="1.0" encoding="UTF-8"?>
<!-- Generated by org.testng.reporters.JUnitReportReporter -->
<testsuite hostname="CSC-J714DK3" failures="0" tests="1" name="pomTestApps.Test.com.automation.mitel.clearspan.opeasy.AudioCodesMP508and504Devices_14_ImportAndExportRunAnAdvancedExport_Test" time="719.846" errors="0" timestamp="2024-10-18T17:37:07 IST" skipped="0">
  <testcase classname="pomTestApps.Test.com.automation.mitel.clearspan.opeasy.AudioCodesMP508and504Devices_14_ImportAndExportRunAnAdvancedExport_Test" name="GeneralSettings" time="719.846"/>
</testsuite> <!-- pomTestApps.Test.com.automation.mitel.clearspan.opeasy.AudioCodesMP508and504Devices_14_ImportAndExportRunAnAdvancedExport_Test -->
