<?xml version="1.0" encoding="UTF-8"?>
<!-- Generated by org.testng.reporters.JUnitReportReporter -->
<testsuite hostname="CSC-J714DK3" failures="0" tests="1" name="pomTestApps.Test.com.automation.mitel.clearspan.opeasy.Export_17_MultipleEntExport_SR_ScheduleAdvExport_ScheduleExport_UsersTab_Runweekly_Test" time="167.544" errors="0" timestamp="2024-10-30T15:55:21 IST" skipped="0">
  <testcase classname="pomTestApps.Test.com.automation.mitel.clearspan.opeasy.Export_17_MultipleEntExport_SR_ScheduleAdvExport_ScheduleExport_UsersTab_Runweekly_Test" name="Export_Clearspan_Data_01_OpEasy_login_rules_by_Super_User" time="167.544"/>
</testsuite> <!-- pomTestApps.Test.com.automation.mitel.clearspan.opeasy.Export_17_MultipleEntExport_SR_ScheduleAdvExport_ScheduleExport_UsersTab_Runweekly_Test -->
