<?xml version="1.0" encoding="UTF-8"?>
<!-- Generated by org.testng.reporters.JUnitReportReporter -->
<testsuite hostname="CSC-J714DK3" failures="0" tests="1" name="pomTestApps.Test.com.automation.mitel.clearspan.opeasy.Provisioning_Exports_1AdvancedExport_Test" time="250.164" errors="0" timestamp="2024-10-30T15:55:21 IST" skipped="0">
  <testcase classname="pomTestApps.Test.com.automation.mitel.clearspan.opeasy.Provisioning_Exports_1AdvancedExport_Test" name="Provisioning_Exports_AdvancedExport" time="250.164"/>
</testsuite> <!-- pomTestApps.Test.com.automation.mitel.clearspan.opeasy.Provisioning_Exports_1AdvancedExport_Test -->
