<?xml version="1.0" encoding="UTF-8"?>
<!-- Generated by org.testng.reporters.JUnitReportReporter -->
<testsuite hostname="DESKTOP-3URJ3CC" failures="0" tests="1" name="pomTestApps.STAcore.POMSuiteRunner" time="11.824" errors="0" timestamp="2024-11-29T16:07:12 IST" skipped="0">
  <testcase classname="pomTestApps.STAcore.POMSuiteRunner" name="Run" time="11.824"/>
</testsuite> <!-- pomTestApps.STAcore.POMSuiteRunner -->
