<?xml version="1.0" encoding="UTF-8"?>
<!-- Generated by org.testng.reporters.JUnitReportReporter -->
<testsuite hostname="DESKTOP-3URJ3CC" failures="0" tests="1" name="pomTestApps.Test.com.automation.mitel.clearspan.opeasy.Launch_TVSMotorWebsite_Test" time="7.769" errors="0" timestamp="2024-11-27T17:33:49 IST" skipped="0">
  <testcase classname="pomTestApps.Test.com.automation.mitel.clearspan.opeasy.Launch_TVSMotorWebsite_Test" name="Reporting_OpeningTheReportingMenu" time="7.769"/>
</testsuite> <!-- pomTestApps.Test.com.automation.mitel.clearspan.opeasy.Launch_TVSMotorWebsite_Test -->
