<?xml version="1.0" encoding="UTF-8"?>
<!-- Generated by org.testng.reporters.JUnitReportReporter -->
<testsuite hostname="CSC-J714DK3" failures="0" tests="1" name="pomTestApps.Test.com.automation.mitel.clearspan.opeasy.GrpAdminVMReportAccess_3_GA_Runs_VMReport_PreviousDay_Test" time="203.357" errors="0" timestamp="2024-10-30T14:07:46 IST" skipped="0">
  <testcase classname="pomTestApps.Test.com.automation.mitel.clearspan.opeasy.GrpAdminVMReportAccess_3_GA_Runs_VMReport_PreviousDay_Test" name="Reporting_4RegistrationReport" time="203.357"/>
</testsuite> <!-- pomTestApps.Test.com.automation.mitel.clearspan.opeasy.GrpAdminVMReportAccess_3_GA_Runs_VMReport_PreviousDay_Test -->
