<?xml version="1.0" encoding="UTF-8"?>
<!-- Generated by org.testng.reporters.JUnitReportReporter -->
<testsuite hostname="CSC-J714DK3" failures="0" tests="1" name="pomTestApps.Test.com.automation.mitel.clearspan.opeasy.RegTest_01_Export_System_Verify_Worksheets_Test" time="597.782" errors="0" timestamp="2024-10-14T15:45:24 IST" skipped="0">
  <testcase classname="pomTestApps.Test.com.automation.mitel.clearspan.opeasy.RegTest_01_Export_System_Verify_Worksheets_Test" name="RegTest_01_Export_System_Verify_Worksheets" time="597.782"/>
</testsuite> <!-- pomTestApps.Test.com.automation.mitel.clearspan.opeasy.RegTest_01_Export_System_Verify_Worksheets_Test -->
