<?xml version="1.0" encoding="UTF-8"?>
<!-- Generated by org.testng.reporters.JUnitReportReporter -->
<testsuite hostname="CSC-J714DK3" failures="0" tests="1" name="pomTestApps.Test.com.automation.mitel.clearspan.opeasy.GrpAdminVMReportAccess_1_GA_AssignedAllGroups_Test" time="346.671" errors="0" timestamp="2024-10-30T14:07:46 IST" skipped="0">
  <testcase classname="pomTestApps.Test.com.automation.mitel.clearspan.opeasy.GrpAdminVMReportAccess_1_GA_AssignedAllGroups_Test" name="EnterpriseSettingsServicePacks" time="346.671"/>
</testsuite> <!-- pomTestApps.Test.com.automation.mitel.clearspan.opeasy.GrpAdminVMReportAccess_1_GA_AssignedAllGroups_Test -->
