<?xml version="1.0" encoding="UTF-8"?>
<!-- Generated by org.testng.reporters.JUnitReportReporter -->
<testsuite hostname="DESKTOP-3URJ3CC" failures="0" tests="1" name="pomTestApps.Test.com.automation.tvsmotor.dai.Launch_TVSMotorWebsite_Test" time="10.086" errors="0" timestamp="2024-11-29T16:07:12 IST" skipped="0">
  <testcase classname="pomTestApps.Test.com.automation.tvsmotor.dai.Launch_TVSMotorWebsite_Test" name="Reporting_OpeningTheReportingMenu" time="10.086"/>
</testsuite> <!-- pomTestApps.Test.com.automation.tvsmotor.dai.Launch_TVSMotorWebsite_Test -->
