<?xml version="1.0" encoding="UTF-8"?>
<!-- Generated by org.testng.reporters.JUnitReportReporter -->
<testsuite hostname="CSC-J714DK3" failures="0" tests="1" name="pomTestApps.Test.com.automation.mitel.clearspan.opeasy.Provisioning_Exports_4GroupExport_Test" time="402.284" errors="0" timestamp="2024-10-30T14:07:46 IST" skipped="0">
  <testcase classname="pomTestApps.Test.com.automation.mitel.clearspan.opeasy.Provisioning_Exports_4GroupExport_Test" name="Provisioning_Exports_4GroupExport" time="402.284"/>
</testsuite> <!-- pomTestApps.Test.com.automation.mitel.clearspan.opeasy.Provisioning_Exports_4GroupExport_Test -->
