<?xml version="1.0" encoding="UTF-8"?>
<!-- Generated by org.testng.reporters.JUnitReportReporter -->
<testsuite hostname="CSC-J714DK3" failures="0" tests="1" name="pomTestApps.Test.com.automation.mitel.clearspan.opeasy.GrpAdminVMReportAccess_4_GA_Runs_VMReport_Last7Days_Test" time="205.316" errors="0" timestamp="2024-10-30T15:55:21 IST" skipped="0">
  <testcase classname="pomTestApps.Test.com.automation.mitel.clearspan.opeasy.GrpAdminVMReportAccess_4_GA_Runs_VMReport_Last7Days_Test" name="Reporting_4RegistrationReport" time="205.316"/>
</testsuite> <!-- pomTestApps.Test.com.automation.mitel.clearspan.opeasy.GrpAdminVMReportAccess_4_GA_Runs_VMReport_Last7Days_Test -->
